<?xml version="1.0" encoding="UTF-8"?>
<!-- Generated by org.testng.reporters.JUnitReportReporter -->
<testsuite skipped="0" hostname="INCNU401BDXC" name="scripts.Dummy" tests="1" failures="0" timestamp="29 Oct 2018 09:16:04 GMT" time="0.748" errors="0">
  <testcase name="test" time="0.748" classname="scripts.Dummy"/>
</testsuite> <!-- scripts.Dummy -->
