<?xml version="1.0" encoding="UTF-8"?>
<!-- Generated by org.testng.reporters.JUnitReportReporter -->
<testsuite skipped="0" hostname="INCNU401BDXC" name="scripts.Activation" tests="1" failures="0" timestamp="22 Feb 2019 10:49:21 GMT" time="69.980" errors="0">
  <testcase name="VerifyingtheBasicFunctionalityofActivation" time="69.980" classname="scripts.Activation"/>
</testsuite> <!-- scripts.Activation -->
