<?xml version="1.0" encoding="UTF-8"?>
<!-- Generated by org.testng.reporters.JUnitReportReporter -->
<testsuite skipped="0" hostname="LICCOQ1HKD" name="scripts.Login" tests="1" failures="0" timestamp="09 Sep 2018 13:59:38 GMT" time="40.174" errors="0">
  <testcase name="LoginToSems" time="40.174" classname="scripts.Login"/>
</testsuite> <!-- scripts.Login -->
